<?xml version="1.0" encoding="UTF-8"?>
<!-- Generated by org.testng.reporters.JUnitReportReporter -->
<testsuite hostname="YBARTASH-NB" failures="0" tests="2" name="Boohoo.BHM.tests.GuestOrderPlacementByCardTest" time="110.584" errors="0" timestamp="2023-12-15T19:20:18 EET" skipped="0">
  <testcase classname="Boohoo.BHM.tests.GuestOrderPlacementByCardTest" name="placeOrderGuestCard" time="53.682"/>
  <testcase classname="Boohoo.BHM.tests.GuestOrderPlacementByCardTest" name="placeOrderGuestCard" time="56.902"/>
</testsuite> <!-- Boohoo.BHM.tests.GuestOrderPlacementByCardTest -->
