<?xml version="1.0" encoding="UTF-8"?>
<!-- Generated by org.testng.reporters.JUnitReportReporter -->
<testsuite hostname="YBARTASH-NB" failures="0" tests="2" name="Boohoo.BHM.tests.RegistredOrderPlacementByCardTest" time="116.106" errors="0" timestamp="2023-12-12T18:50:48 EET" skipped="0">
  <testcase classname="Boohoo.BHM.tests.RegistredOrderPlacementByCardTest" name="placeOrderGuestCard" time="57.695"/>
  <testcase classname="Boohoo.BHM.tests.RegistredOrderPlacementByCardTest" name="placeOrderGuestCard" time="58.411"/>
</testsuite> <!-- Boohoo.BHM.tests.RegistredOrderPlacementByCardTest -->
