<?xml version="1.0" encoding="UTF-8"?>
<!-- Generated by org.testng.reporters.JUnitReportReporter -->
<testsuite hostname="YBARTASH-NB" failures="0" tests="2" name="Boohoo.BHM.tests.RegistredBySavedCCSavedAddress" time="101.667" errors="0" timestamp="2023-12-13T18:50:26 EET" skipped="0">
  <testcase classname="Boohoo.BHM.tests.RegistredBySavedCCSavedAddress" name="placeOrderGuestCard" time="53.657"/>
  <testcase classname="Boohoo.BHM.tests.RegistredBySavedCCSavedAddress" name="placeOrderGuestCard" time="48.010"/>
</testsuite> <!-- Boohoo.BHM.tests.RegistredBySavedCCSavedAddress -->
