<?xml version="1.0" encoding="UTF-8"?>
<!-- Generated by org.testng.reporters.JUnitReportReporter -->
<testsuite hostname="YBARTASH-NB" failures="0" tests="2" name="Boohoo.BHM.tests.GuestOrderPlacementByCardTest" time="114.935" errors="0" timestamp="2023-12-18T15:51:00 EET" skipped="0">
  <testcase classname="Boohoo.BHM.tests.GuestOrderPlacementByCardTest" name="placeOrderGuestCard" time="50.906"/>
  <testcase classname="Boohoo.BHM.tests.GuestOrderPlacementByCardTest" name="placeOrderGuestCard" time="64.029"/>
</testsuite> <!-- Boohoo.BHM.tests.GuestOrderPlacementByCardTest -->
